<?xml version="1.0" encoding="UTF-8"?>
<!-- Generated by org.testng.reporters.JUnitReportReporter -->
<testsuite skipped="0" hostname="DSK-420" name="com.training.sessionfour.FirstTestNGTest" tests="6" failures="0" timestamp="11 Apr 2017 09:07:15 GMT" time="260.345" errors="0">
  <testcase name="testLoginWithWrongCredentials" time="49.963" classname="com.training.sessionfour.FirstTestNGTest"/>
  <testcase name="testLoginWithWrongCredentials" time="39.612" classname="com.training.sessionfour.FirstTestNGTest"/>
  <testcase name="testLoginWithWrongCredentials" time="39.223" classname="com.training.sessionfour.FirstTestNGTest"/>
  <testcase name="testLogin" time="38.661" classname="com.training.sessionfour.FirstTestNGTest"/>
  <testcase name="testLogout" time="46.673" classname="com.training.sessionfour.FirstTestNGTest"/>
  <testcase name="testLoginWithWrongCredentials" time="46.213" classname="com.training.sessionfour.FirstTestNGTest"/>
</testsuite> <!-- com.training.sessionfour.FirstTestNGTest -->
