<?xml version="1.0" encoding="UTF-8"?>
<!-- Generated by org.testng.reporters.JUnitReportReporter -->
<testsuite name="test.java.FirstTestNGTest" tests="6" time="300.518" ignored="0" failures="0" timestamp="27 Apr 2017 07:18:01 GMT" skipped="0" hostname="DSK-420" errors="0">
  <testcase name="testLogout" time="69.151" classname="test.java.FirstTestNGTest"/>
  <testcase name="testLogin" time="63.696" classname="test.java.FirstTestNGTest"/>
  <testcase name="testLoginWithWrongCredentials" time="28.816" classname="test.java.FirstTestNGTest"/>
  <testcase name="testLoginWithWrongCredentials" time="50.995" classname="test.java.FirstTestNGTest"/>
  <testcase name="testLoginWithWrongCredentials" time="56.523" classname="test.java.FirstTestNGTest"/>
  <testcase name="testLoginWithWrongCredentials" time="31.337" classname="test.java.FirstTestNGTest"/>
</testsuite> <!-- test.java.FirstTestNGTest -->
